<?xml version="1.0" encoding="UTF-8"?>
<!-- Generated by org.testng.reporters.JUnitReportReporter -->
<testsuite hostname="DESKTOP-N749LR5" failures="0" tests="3" name="dataDriven.excelDataProvider.DataProvide" time="2.535" errors="0" timestamp="2024-06-01T06:59:50 EDT" skipped="0">
  <testcase classname="dataDriven.excelDataProvider.DataProvide" name="testCaseData" time="0.603"/>
  <testcase classname="dataDriven.excelDataProvider.DataProvide" name="testCaseData" time="0.649"/>
  <testcase classname="dataDriven.excelDataProvider.DataProvide" name="testCaseData" time="1.283"/>
</testsuite> <!-- dataDriven.excelDataProvider.DataProvide -->
