<?xml version="1.0" encoding="UTF-8"?>
<!-- Generated by org.testng.reporters.JUnitReportReporter -->
<testsuite hostname="DESKTOP-N749LR5" failures="0" tests="1" name="dataDriven.excelDataProvider.DataFromExcelRunner" time="0.731" errors="0" timestamp="2024-06-01T06:58:17 EDT" skipped="0">
  <testcase classname="dataDriven.excelDataProvider.DataFromExcelRunner" name="getFromExcel" time="0.731"/>
</testsuite> <!-- dataDriven.excelDataProvider.DataFromExcelRunner -->
